Operating system: Microsoft Windows NT 6.2.9200.0
Opening INI file "C:\Users\MineC\Downloads\Sonic-Without-Clackers\SonPLN - Copy.ini"...
Game type is S1.
Loading SEGA Logo...
Loading plane mappings from file "Uncompressed/MapuncTitleMenu01.bin", using compression Uncompressed...
Loading palette file "Palettes/PalMainMenus.bin"...
Source: 0 Destination: 0 Length: 64
Loading 8x8 tiles from file "NemesisComp/ArtnemMainMenusText.bin", using compression Nemesis...
Load completed.
Opening INI file "C:\Users\MineC\Downloads\Sonic-Without-Clackers\SonPLN - Copy.ini"...
Opening INI file "C:\Users\MineC\Downloads\Sonic-Without-Clackers\SonPLN - Copy.ini"...
Game type is S1.
Loading SEGA pLogo...
Loading palette file "Palettes/PalPrimaryColors.bin"...
Source: 0 Destination: 0 Length: 64
Plane mappings file "SonLVL/TitleCardRef.bin" not found.
Loading 8x8 tiles from file "NemesisComp/ArtnemMainMenusText.bin", using compression Nemesis...
System.AggregateException: One or more errors occurred. ---> System.IO.FileNotFoundException: Palette file could not be loaded! Have you set up your disassembly properly?
   at SonicRetro.SonLVL.SonPLN.MainForm.LoadLevelPalette() in E:\Programs\SonLVL\SonPLN\MainForm.cs:line 440
   at System.Threading.Tasks.Task.InnerInvoke()
   at System.Threading.Tasks.Task.Execute()
   --- End of inner exception stack trace ---
   at System.Threading.Tasks.Task.FastWaitAll(Task[] tasks)
   at System.Threading.Tasks.Parallel.Invoke(ParallelOptions parallelOptions, Action[] actions)
   at System.Threading.Tasks.Parallel.Invoke(Action[] actions)
   at SonicRetro.SonLVL.SonPLN.MainForm.backgroundLevelLoader_DoWork(Object sender, DoWorkEventArgs e) in E:\Programs\SonLVL\SonPLN\MainForm.cs:line 321
---> (Inner Exception #0) System.IO.FileNotFoundException: Palette file could not be loaded! Have you set up your disassembly properly?
File name: 'Palettes/PalPrimaryColors.bin'
   at SonicRetro.SonLVL.SonPLN.MainForm.LoadLevelPalette() in E:\Programs\SonLVL\SonPLN\MainForm.cs:line 440
   at System.Threading.Tasks.Task.InnerInvoke()
   at System.Threading.Tasks.Task.Execute()<---

